
2018-07-25 00:32:51 INFO: Access Token has expired. Hence refreshing.
2018-07-30 11:45:15 INFO: Access Token has expired. Hence refreshing.
2018-07-30 11:46:06 INFO: Access Token has expired. Hence refreshing.
2018-07-31 19:15:02 INFO: Access Token has expired. Hence refreshing.
2018-07-31 19:15:11 INFO: Access Token has expired. Hence refreshing.
2018-07-31 19:15:44 INFO: Access Token has expired. Hence refreshing.
2018-07-31 19:15:49 INFO: Access Token has expired. Hence refreshing.
2018-07-31 19:42:48 INFO: Access Token has expired. Hence refreshing.
2018-07-31 20:36:58 SEVERE: Failed to connect to MySQL: (1049) SQLSTATE[HY000] [1049] Unknown database 'zoho_crm'
2018-07-31 20:36:58 SEVERE: Exception while retrieving tokens from persistence - ErrorException: Undefined variable: mySqlConnection in /var/www/hosts/laravel/my/vendor/zohocrm/php-sdk/src/Oauth/Client/ZohoOAuthPersistenceHandler.php:110
Stack trace:
#0 /var/www/hosts/laravel/my/vendor/zohocrm/php-sdk/src/Oauth/Client/ZohoOAuthPersistenceHandler.php(110): Illuminate\Foundation\Bootstrap\HandleExceptions->handleError(8, 'Undefined varia...', '/var/www/hosts/...', 110, Array)
#1 /var/www/hosts/laravel/my/vendor/zohocrm/php-sdk/src/Oauth/Client/ZohoOAuthPersistenceHandler.php(58): Zoho\Oauth\Client\ZohoOAuthPersistenceHandler->getMysqlConnection()
#2 /var/www/hosts/laravel/my/vendor/zohocrm/php-sdk/src/Oauth/Client/ZohoOAuthClient.php(100): Zoho\Oauth\Client\ZohoOAuthPersistenceHandler->getOAuthTokens('gweentedem@gmai...')
#3 /var/www/hosts/laravel/my/vendor/zohocrm/php-sdk/src/CRM/Setup/RestClient/ZCRMRestClient.php(83): Zoho\Oauth\Client\ZohoOAuthClient->getAccessToken('gweentedem@gmai...')
#4 /var/www/hosts/laravel/my/vendor/tripup/common/src/crm/Client.php(49): Zoho\CRM\Setup\RestClient\ZCRMRestClient->getAccessToken()
#5 /var/www/hosts/laravel/my/vendor/tripup/common/src/crm/Client.php(31): tripup\CRM\Client->__construct(NULL)
#6 /var/www/hosts/laravel/my/routes/web.php(22): tripup\CRM\Client::getInstance()
#7 /var/www/hosts/laravel/my/vendor/laravel/framework/src/Illuminate/Routing/Route.php(198): Illuminate\Routing\Router->{closure}()
#8 /var/www/hosts/laravel/my/vendor/laravel/framework/src/Illuminate/Routing/Route.php(172): Illuminate\Routing\Route->runCallable()
#9 /var/www/hosts/laravel/my/vendor/laravel/framework/src/Illuminate/Routing/Router.php(665): Illuminate\Routing\Route->run()
#10 /var/www/hosts/laravel/my/vendor/laravel/framework/src/Illuminate/Routing/Pipeline.php(30): Illuminate\Routing\Router->Illuminate\Routing\{closure}(Object(Illuminate\Http\Request))
#11 /var/www/hosts/laravel/my/vendor/laravel/framework/src/Illuminate/Routing/Middleware/SubstituteBindings.php(41): Illuminate\Routing\Pipeline->Illuminate\Routing\{closure}(Object(Illuminate\Http\Request))
#12 /var/www/hosts/laravel/my/vendor/laravel/framework/src/Illuminate/Pipeline/Pipeline.php(151): Illuminate\Routing\Middleware\SubstituteBindings->handle(Object(Illuminate\Http\Request), Object(Closure))
#13 /var/www/hosts/laravel/my/vendor/laravel/framework/src/Illuminate/Routing/Pipeline.php(53): Illuminate\Pipeline\Pipeline->Illuminate\Pipeline\{closure}(Object(Illuminate\Http\Request))
#14 /var/www/hosts/laravel/my/vendor/laravel/framework/src/Illuminate/Foundation/Http/Middleware/VerifyCsrfToken.php(67): Illuminate\Routing\Pipeline->Illuminate\Routing\{closure}(Object(Illuminate\Http\Request))
#15 /var/www/hosts/laravel/my/vendor/laravel/framework/src/Illuminate/Pipeline/Pipeline.php(151): Illuminate\Foundation\Http\Middleware\VerifyCsrfToken->handle(Object(Illuminate\Http\Request), Object(Closure))
#16 /var/www/hosts/laravel/my/vendor/laravel/framework/src/Illuminate/Routing/Pipeline.php(53): Illuminate\Pipeline\Pipeline->Illuminate\Pipeline\{closure}(Object(Illuminate\Http\Request))
#17 /var/www/hosts/laravel/my/vendor/laravel/framework/src/Illuminate/View/Middleware/ShareErrorsFromSession.php(49): Illuminate\Routing\Pipeline->Illuminate\Routing\{closure}(Object(Illuminate\Http\Request))
#18 /var/www/hosts/laravel/my/vendor/laravel/framework/src/Illuminate/Pipeline/Pipeline.php(151): Illuminate\View\Middleware\ShareErrorsFromSession->handle(Object(Illuminate\Http\Request), Object(Closure))
#19 /var/www/hosts/laravel/my/vendor/laravel/framework/src/Illuminate/Routing/Pipeline.php(53): Illuminate\Pipeline\Pipeline->Illuminate\Pipeline\{closure}(Object(Illuminate\Http\Request))
#20 /var/www/hosts/laravel/my/vendor/laravel/framework/src/Illuminate/Session/Middleware/StartSession.php(63): Illuminate\Routing\Pipeline->Illuminate\Routing\{closure}(Object(Illuminate\Http\Request))
#21 /var/www/hosts/laravel/my/vendor/laravel/framework/src/Illuminate/Pipeline/Pipeline.php(151): Illuminate\Session\Middleware\StartSession->handle(Object(Illuminate\Http\Request), Object(Closure))
#22 /var/www/hosts/laravel/my/vendor/laravel/framework/src/Illuminate/Routing/Pipeline.php(53): Illuminate\Pipeline\Pipeline->Illuminate\Pipeline\{closure}(Object(Illuminate\Http\Request))
#23 /var/www/hosts/laravel/my/vendor/laravel/framework/src/Illuminate/Cookie/Middleware/AddQueuedCookiesToResponse.php(37): Illuminate\Routing\Pipeline->Illuminate\Routing\{closure}(Object(Illuminate\Http\Request))
#24 /var/www/hosts/laravel/my/vendor/laravel/framework/src/Illuminate/Pipeline/Pipeline.php(151): Illuminate\Cookie\Middleware\AddQueuedCookiesToResponse->handle(Object(Illuminate\Http\Request), Object(Closure))
#25 /var/www/hosts/laravel/my/vendor/laravel/framework/src/Illuminate/Routing/Pipeline.php(53): Illuminate\Pipeline\Pipeline->Illuminate\Pipeline\{closure}(Object(Illuminate\Http\Request))
#26 /var/www/hosts/laravel/my/vendor/laravel/framework/src/Illuminate/Cookie/Middleware/EncryptCookies.php(59): Illuminate\Routing\Pipeline->Illuminate\Routing\{closure}(Object(Illuminate\Http\Request))
#27 /var/www/hosts/laravel/my/vendor/laravel/framework/src/Illuminate/Pipeline/Pipeline.php(151): Illuminate\Cookie\Middleware\EncryptCookies->handle(Object(Illuminate\Http\Request), Object(Closure))
#28 /var/www/hosts/laravel/my/vendor/laravel/framework/src/Illuminate/Routing/Pipeline.php(53): Illuminate\Pipeline\Pipeline->Illuminate\Pipeline\{closure}(Object(Illuminate\Http\Request))
#29 /var/www/hosts/laravel/my/vendor/laravel/framework/src/Illuminate/Pipeline/Pipeline.php(104): Illuminate\Routing\Pipeline->Illuminate\Routing\{closure}(Object(Illuminate\Http\Request))
#30 /var/www/hosts/laravel/my/vendor/laravel/framework/src/Illuminate/Routing/Router.php(667): Illuminate\Pipeline\Pipeline->then(Object(Closure))
#31 /var/www/hosts/laravel/my/vendor/laravel/framework/src/Illuminate/Routing/Router.php(642): Illuminate\Routing\Router->runRouteWithinStack(Object(Illuminate\Routing\Route), Object(Illuminate\Http\Request))
#32 /var/www/hosts/laravel/my/vendor/laravel/framework/src/Illuminate/Routing/Router.php(608): Illuminate\Routing\Router->runRoute(Object(Illuminate\Http\Request), Object(Illuminate\Routing\Route))
#33 /var/www/hosts/laravel/my/vendor/laravel/framework/src/Illuminate/Routing/Router.php(597): Illuminate\Routing\Router->dispatchToRoute(Object(Illuminate\Http\Request))
#34 /var/www/hosts/laravel/my/vendor/laravel/framework/src/Illuminate/Foundation/Http/Kernel.php(176): Illuminate\Routing\Router->dispatch(Object(Illuminate\Http\Request))
#35 /var/www/hosts/laravel/my/vendor/laravel/framework/src/Illuminate/Routing/Pipeline.php(30): Illuminate\Foundation\Http\Kernel->Illuminate\Foundation\Http\{closure}(Object(Illuminate\Http\Request))
#36 /var/www/hosts/laravel/my/vendor/fideloper/proxy/src/TrustProxies.php(57): Illuminate\Routing\Pipeline->Illuminate\Routing\{closure}(Object(Illuminate\Http\Request))
#37 /var/www/hosts/laravel/my/vendor/laravel/framework/src/Illuminate/Pipeline/Pipeline.php(151): Fideloper\Proxy\TrustProxies->handle(Object(Illuminate\Http\Request), Object(Closure))
#38 /var/www/hosts/laravel/my/vendor/laravel/framework/src/Illuminate/Routing/Pipeline.php(53): Illuminate\Pipeline\Pipeline->Illuminate\Pipeline\{closure}(Object(Illuminate\Http\Request))
#39 /var/www/hosts/laravel/my/vendor/laravel/framework/src/Illuminate/Foundation/Http/Middleware/TransformsRequest.php(31): Illuminate\Routing\Pipeline->Illuminate\Routing\{closure}(Object(Illuminate\Http\Request))
#40 /var/www/hosts/laravel/my/vendor/laravel/framework/src/Illuminate/Pipeline/Pipeline.php(151): Illuminate\Foundation\Http\Middleware\TransformsRequest->handle(Object(Illuminate\Http\Request), Object(Closure))
#41 /var/www/hosts/laravel/my/vendor/laravel/framework/src/Illuminate/Routing/Pipeline.php(53): Illuminate\Pipeline\Pipeline->Illuminate\Pipeline\{closure}(Object(Illuminate\Http\Request))
#42 /var/www/hosts/laravel/my/vendor/laravel/framework/src/Illuminate/Foundation/Http/Middleware/TransformsRequest.php(31): Illuminate\Routing\Pipeline->Illuminate\Routing\{closure}(Object(Illuminate\Http\Request))
#43 /var/www/hosts/laravel/my/vendor/laravel/framework/src/Illuminate/Pipeline/Pipeline.php(151): Illuminate\Foundation\Http\Middleware\TransformsRequest->handle(Object(Illuminate\Http\Request), Object(Closure))
#44 /var/www/hosts/laravel/my/vendor/laravel/framework/src/Illuminate/Routing/Pipeline.php(53): Illuminate\Pipeline\Pipeline->Illuminate\Pipeline\{closure}(Object(Illuminate\Http\Request))
#45 /var/www/hosts/laravel/my/vendor/laravel/framework/src/Illuminate/Foundation/Http/Middleware/ValidatePostSize.php(27): Illuminate\Routing\Pipeline->Illuminate\Routing\{closure}(Object(Illuminate\Http\Request))
#46 /var/www/hosts/laravel/my/vendor/laravel/framework/src/Illuminate/Pipeline/Pipeline.php(151): Illuminate\Foundation\Http\Middleware\ValidatePostSize->handle(Object(Illuminate\Http\Request), Object(Closure))
#47 /var/www/hosts/laravel/my/vendor/laravel/framework/src/Illuminate/Routing/Pipeline.php(53): Illuminate\Pipeline\Pipeline->Illuminate\Pipeline\{closure}(Object(Illuminate\Http\Request))
#48 /var/www/hosts/laravel/my/vendor/laravel/framework/src/Illuminate/Foundation/Http/Middleware/CheckForMaintenanceMode.php(62): Illuminate\Routing\Pipeline->Illuminate\Routing\{closure}(Object(Illuminate\Http\Request))
#49 /var/www/hosts/laravel/my/vendor/laravel/framework/src/Illuminate/Pipeline/Pipeline.php(151): Illuminate\Foundation\Http\Middleware\CheckForMaintenanceMode->handle(Object(Illuminate\Http\Request), Object(Closure))
#50 /var/www/hosts/laravel/my/vendor/laravel/framework/src/Illuminate/Routing/Pipeline.php(53): Illuminate\Pipeline\Pipeline->Illuminate\Pipeline\{closure}(Object(Illuminate\Http\Request))
#51 /var/www/hosts/laravel/my/vendor/laravel/framework/src/Illuminate/Pipeline/Pipeline.php(104): Illuminate\Routing\Pipeline->Illuminate\Routing\{closure}(Object(Illuminate\Http\Request))
#52 /var/www/hosts/laravel/my/vendor/laravel/framework/src/Illuminate/Foundation/Http/Kernel.php(151): Illuminate\Pipeline\Pipeline->then(Object(Closure))
#53 /var/www/hosts/laravel/my/vendor/laravel/framework/src/Illuminate/Foundation/Http/Kernel.php(116): Illuminate\Foundation\Http\Kernel->sendRequestThroughRouter(Object(Illuminate\Http\Request))
#54 /var/www/hosts/laravel/my/public/index.php(55): Illuminate\Foundation\Http\Kernel->handle(Object(Illuminate\Http\Request))
#55 {main}
2018-07-31 20:37:44 SEVERE: Failed to connect to MySQL: (1049) SQLSTATE[HY000] [1049] Unknown database 'zoho_crm'
2018-07-31 20:37:44 SEVERE: Exception while retrieving tokens from persistence - ErrorException: Undefined variable: mySqlConnection in /var/www/hosts/laravel/my/vendor/zohocrm/php-sdk/src/Oauth/Client/ZohoOAuthPersistenceHandler.php:110
Stack trace:
#0 /var/www/hosts/laravel/my/vendor/zohocrm/php-sdk/src/Oauth/Client/ZohoOAuthPersistenceHandler.php(110): Illuminate\Foundation\Bootstrap\HandleExceptions->handleError(8, 'Undefined varia...', '/var/www/hosts/...', 110, Array)
#1 /var/www/hosts/laravel/my/vendor/zohocrm/php-sdk/src/Oauth/Client/ZohoOAuthPersistenceHandler.php(58): Zoho\Oauth\Client\ZohoOAuthPersistenceHandler->getMysqlConnection()
#2 /var/www/hosts/laravel/my/vendor/zohocrm/php-sdk/src/Oauth/Client/ZohoOAuthClient.php(100): Zoho\Oauth\Client\ZohoOAuthPersistenceHandler->getOAuthTokens('gweentedem@gmai...')
#3 /var/www/hosts/laravel/my/vendor/zohocrm/php-sdk/src/CRM/Setup/RestClient/ZCRMRestClient.php(83): Zoho\Oauth\Client\ZohoOAuthClient->getAccessToken('gweentedem@gmai...')
#4 /var/www/hosts/laravel/my/vendor/tripup/common/src/crm/Client.php(49): Zoho\CRM\Setup\RestClient\ZCRMRestClient->getAccessToken()
#5 /var/www/hosts/laravel/my/vendor/tripup/common/src/crm/Client.php(31): tripup\CRM\Client->__construct(NULL)
#6 /var/www/hosts/laravel/my/routes/web.php(22): tripup\CRM\Client::getInstance()
#7 /var/www/hosts/laravel/my/vendor/laravel/framework/src/Illuminate/Routing/Route.php(198): Illuminate\Routing\Router->{closure}()
#8 /var/www/hosts/laravel/my/vendor/laravel/framework/src/Illuminate/Routing/Route.php(172): Illuminate\Routing\Route->runCallable()
#9 /var/www/hosts/laravel/my/vendor/laravel/framework/src/Illuminate/Routing/Router.php(665): Illuminate\Routing\Route->run()
#10 /var/www/hosts/laravel/my/vendor/laravel/framework/src/Illuminate/Routing/Pipeline.php(30): Illuminate\Routing\Router->Illuminate\Routing\{closure}(Object(Illuminate\Http\Request))
#11 /var/www/hosts/laravel/my/vendor/laravel/framework/src/Illuminate/Routing/Middleware/SubstituteBindings.php(41): Illuminate\Routing\Pipeline->Illuminate\Routing\{closure}(Object(Illuminate\Http\Request))
#12 /var/www/hosts/laravel/my/vendor/laravel/framework/src/Illuminate/Pipeline/Pipeline.php(151): Illuminate\Routing\Middleware\SubstituteBindings->handle(Object(Illuminate\Http\Request), Object(Closure))
#13 /var/www/hosts/laravel/my/vendor/laravel/framework/src/Illuminate/Routing/Pipeline.php(53): Illuminate\Pipeline\Pipeline->Illuminate\Pipeline\{closure}(Object(Illuminate\Http\Request))
#14 /var/www/hosts/laravel/my/vendor/laravel/framework/src/Illuminate/Foundation/Http/Middleware/VerifyCsrfToken.php(67): Illuminate\Routing\Pipeline->Illuminate\Routing\{closure}(Object(Illuminate\Http\Request))
#15 /var/www/hosts/laravel/my/vendor/laravel/framework/src/Illuminate/Pipeline/Pipeline.php(151): Illuminate\Foundation\Http\Middleware\VerifyCsrfToken->handle(Object(Illuminate\Http\Request), Object(Closure))
#16 /var/www/hosts/laravel/my/vendor/laravel/framework/src/Illuminate/Routing/Pipeline.php(53): Illuminate\Pipeline\Pipeline->Illuminate\Pipeline\{closure}(Object(Illuminate\Http\Request))
#17 /var/www/hosts/laravel/my/vendor/laravel/framework/src/Illuminate/View/Middleware/ShareErrorsFromSession.php(49): Illuminate\Routing\Pipeline->Illuminate\Routing\{closure}(Object(Illuminate\Http\Request))
#18 /var/www/hosts/laravel/my/vendor/laravel/framework/src/Illuminate/Pipeline/Pipeline.php(151): Illuminate\View\Middleware\ShareErrorsFromSession->handle(Object(Illuminate\Http\Request), Object(Closure))
#19 /var/www/hosts/laravel/my/vendor/laravel/framework/src/Illuminate/Routing/Pipeline.php(53): Illuminate\Pipeline\Pipeline->Illuminate\Pipeline\{closure}(Object(Illuminate\Http\Request))
#20 /var/www/hosts/laravel/my/vendor/laravel/framework/src/Illuminate/Session/Middleware/StartSession.php(63): Illuminate\Routing\Pipeline->Illuminate\Routing\{closure}(Object(Illuminate\Http\Request))
#21 /var/www/hosts/laravel/my/vendor/laravel/framework/src/Illuminate/Pipeline/Pipeline.php(151): Illuminate\Session\Middleware\StartSession->handle(Object(Illuminate\Http\Request), Object(Closure))
#22 /var/www/hosts/laravel/my/vendor/laravel/framework/src/Illuminate/Routing/Pipeline.php(53): Illuminate\Pipeline\Pipeline->Illuminate\Pipeline\{closure}(Object(Illuminate\Http\Request))
#23 /var/www/hosts/laravel/my/vendor/laravel/framework/src/Illuminate/Cookie/Middleware/AddQueuedCookiesToResponse.php(37): Illuminate\Routing\Pipeline->Illuminate\Routing\{closure}(Object(Illuminate\Http\Request))
#24 /var/www/hosts/laravel/my/vendor/laravel/framework/src/Illuminate/Pipeline/Pipeline.php(151): Illuminate\Cookie\Middleware\AddQueuedCookiesToResponse->handle(Object(Illuminate\Http\Request), Object(Closure))
#25 /var/www/hosts/laravel/my/vendor/laravel/framework/src/Illuminate/Routing/Pipeline.php(53): Illuminate\Pipeline\Pipeline->Illuminate\Pipeline\{closure}(Object(Illuminate\Http\Request))
#26 /var/www/hosts/laravel/my/vendor/laravel/framework/src/Illuminate/Cookie/Middleware/EncryptCookies.php(59): Illuminate\Routing\Pipeline->Illuminate\Routing\{closure}(Object(Illuminate\Http\Request))
#27 /var/www/hosts/laravel/my/vendor/laravel/framework/src/Illuminate/Pipeline/Pipeline.php(151): Illuminate\Cookie\Middleware\EncryptCookies->handle(Object(Illuminate\Http\Request), Object(Closure))
#28 /var/www/hosts/laravel/my/vendor/laravel/framework/src/Illuminate/Routing/Pipeline.php(53): Illuminate\Pipeline\Pipeline->Illuminate\Pipeline\{closure}(Object(Illuminate\Http\Request))
#29 /var/www/hosts/laravel/my/vendor/laravel/framework/src/Illuminate/Pipeline/Pipeline.php(104): Illuminate\Routing\Pipeline->Illuminate\Routing\{closure}(Object(Illuminate\Http\Request))
#30 /var/www/hosts/laravel/my/vendor/laravel/framework/src/Illuminate/Routing/Router.php(667): Illuminate\Pipeline\Pipeline->then(Object(Closure))
#31 /var/www/hosts/laravel/my/vendor/laravel/framework/src/Illuminate/Routing/Router.php(642): Illuminate\Routing\Router->runRouteWithinStack(Object(Illuminate\Routing\Route), Object(Illuminate\Http\Request))
#32 /var/www/hosts/laravel/my/vendor/laravel/framework/src/Illuminate/Routing/Router.php(608): Illuminate\Routing\Router->runRoute(Object(Illuminate\Http\Request), Object(Illuminate\Routing\Route))
#33 /var/www/hosts/laravel/my/vendor/laravel/framework/src/Illuminate/Routing/Router.php(597): Illuminate\Routing\Router->dispatchToRoute(Object(Illuminate\Http\Request))
#34 /var/www/hosts/laravel/my/vendor/laravel/framework/src/Illuminate/Foundation/Http/Kernel.php(176): Illuminate\Routing\Router->dispatch(Object(Illuminate\Http\Request))
#35 /var/www/hosts/laravel/my/vendor/laravel/framework/src/Illuminate/Routing/Pipeline.php(30): Illuminate\Foundation\Http\Kernel->Illuminate\Foundation\Http\{closure}(Object(Illuminate\Http\Request))
#36 /var/www/hosts/laravel/my/vendor/fideloper/proxy/src/TrustProxies.php(57): Illuminate\Routing\Pipeline->Illuminate\Routing\{closure}(Object(Illuminate\Http\Request))
#37 /var/www/hosts/laravel/my/vendor/laravel/framework/src/Illuminate/Pipeline/Pipeline.php(151): Fideloper\Proxy\TrustProxies->handle(Object(Illuminate\Http\Request), Object(Closure))
#38 /var/www/hosts/laravel/my/vendor/laravel/framework/src/Illuminate/Routing/Pipeline.php(53): Illuminate\Pipeline\Pipeline->Illuminate\Pipeline\{closure}(Object(Illuminate\Http\Request))
#39 /var/www/hosts/laravel/my/vendor/laravel/framework/src/Illuminate/Foundation/Http/Middleware/TransformsRequest.php(31): Illuminate\Routing\Pipeline->Illuminate\Routing\{closure}(Object(Illuminate\Http\Request))
#40 /var/www/hosts/laravel/my/vendor/laravel/framework/src/Illuminate/Pipeline/Pipeline.php(151): Illuminate\Foundation\Http\Middleware\TransformsRequest->handle(Object(Illuminate\Http\Request), Object(Closure))
#41 /var/www/hosts/laravel/my/vendor/laravel/framework/src/Illuminate/Routing/Pipeline.php(53): Illuminate\Pipeline\Pipeline->Illuminate\Pipeline\{closure}(Object(Illuminate\Http\Request))
#42 /var/www/hosts/laravel/my/vendor/laravel/framework/src/Illuminate/Foundation/Http/Middleware/TransformsRequest.php(31): Illuminate\Routing\Pipeline->Illuminate\Routing\{closure}(Object(Illuminate\Http\Request))
#43 /var/www/hosts/laravel/my/vendor/laravel/framework/src/Illuminate/Pipeline/Pipeline.php(151): Illuminate\Foundation\Http\Middleware\TransformsRequest->handle(Object(Illuminate\Http\Request), Object(Closure))
#44 /var/www/hosts/laravel/my/vendor/laravel/framework/src/Illuminate/Routing/Pipeline.php(53): Illuminate\Pipeline\Pipeline->Illuminate\Pipeline\{closure}(Object(Illuminate\Http\Request))
#45 /var/www/hosts/laravel/my/vendor/laravel/framework/src/Illuminate/Foundation/Http/Middleware/ValidatePostSize.php(27): Illuminate\Routing\Pipeline->Illuminate\Routing\{closure}(Object(Illuminate\Http\Request))
#46 /var/www/hosts/laravel/my/vendor/laravel/framework/src/Illuminate/Pipeline/Pipeline.php(151): Illuminate\Foundation\Http\Middleware\ValidatePostSize->handle(Object(Illuminate\Http\Request), Object(Closure))
#47 /var/www/hosts/laravel/my/vendor/laravel/framework/src/Illuminate/Routing/Pipeline.php(53): Illuminate\Pipeline\Pipeline->Illuminate\Pipeline\{closure}(Object(Illuminate\Http\Request))
#48 /var/www/hosts/laravel/my/vendor/laravel/framework/src/Illuminate/Foundation/Http/Middleware/CheckForMaintenanceMode.php(62): Illuminate\Routing\Pipeline->Illuminate\Routing\{closure}(Object(Illuminate\Http\Request))
#49 /var/www/hosts/laravel/my/vendor/laravel/framework/src/Illuminate/Pipeline/Pipeline.php(151): Illuminate\Foundation\Http\Middleware\CheckForMaintenanceMode->handle(Object(Illuminate\Http\Request), Object(Closure))
#50 /var/www/hosts/laravel/my/vendor/laravel/framework/src/Illuminate/Routing/Pipeline.php(53): Illuminate\Pipeline\Pipeline->Illuminate\Pipeline\{closure}(Object(Illuminate\Http\Request))
#51 /var/www/hosts/laravel/my/vendor/laravel/framework/src/Illuminate/Pipeline/Pipeline.php(104): Illuminate\Routing\Pipeline->Illuminate\Routing\{closure}(Object(Illuminate\Http\Request))
#52 /var/www/hosts/laravel/my/vendor/laravel/framework/src/Illuminate/Foundation/Http/Kernel.php(151): Illuminate\Pipeline\Pipeline->then(Object(Closure))
#53 /var/www/hosts/laravel/my/vendor/laravel/framework/src/Illuminate/Foundation/Http/Kernel.php(116): Illuminate\Foundation\Http\Kernel->sendRequestThroughRouter(Object(Illuminate\Http\Request))
#54 /var/www/hosts/laravel/my/public/index.php(55): Illuminate\Foundation\Http\Kernel->handle(Object(Illuminate\Http\Request))
#55 {main}
2018-07-31 20:38:06 SEVERE: Failed to connect to MySQL: (1049) SQLSTATE[HY000] [1049] Unknown database 'zoho_crm'
2018-07-31 20:44:13 SEVERE: Failed to connect to MySQL: (1049) SQLSTATE[HY000] [1049] Unknown database 'zoho_crm'
2018-07-31 20:44:15 SEVERE: Failed to connect to MySQL: (1049) SQLSTATE[HY000] [1049] Unknown database 'zoho_crm'
2018-07-31 20:44:26 SEVERE: Failed to connect to MySQL: (1049) SQLSTATE[HY000] [1049] Unknown database 'zoho_crm'
2018-07-31 20:44:30 SEVERE: Failed to connect to MySQL: (1049) SQLSTATE[HY000] [1049] Unknown database 'zoho_crm'
2018-07-31 20:47:31 SEVERE: Failed to connect to MySQL: (1049) SQLSTATE[HY000] [1049] Unknown database 'zoho_crm'
2018-07-31 20:47:33 SEVERE: Failed to connect to MySQL: (1049) SQLSTATE[HY000] [1049] Unknown database 'zoho_crm'
2018-07-31 20:48:36 SEVERE: Failed to connect to MySQL: (1049) SQLSTATE[HY000] [1049] Unknown database 'zoho_crm'
2018-07-31 20:48:38 SEVERE: Failed to connect to MySQL: (1049) SQLSTATE[HY000] [1049] Unknown database 'zoho_crm'
2018-07-31 20:48:53 SEVERE: Failed to connect to MySQL: (1049) SQLSTATE[HY000] [1049] Unknown database 'zoho_crm'
2018-07-31 21:06:24 SEVERE: Failed to connect to MySQL: (1049) SQLSTATE[HY000] [1049] Unknown database 'zoho_crm'
2018-07-31 21:15:59 SEVERE: Exception while retrieving tokens from persistence - ErrorException: Array to string conversion in /var/www/hosts/laravel/my/vendor/zohocrm/php-sdk/src/Oauth/Client/ZohoOAuthPersistenceHandler.php:73
Stack trace:
#0 /var/www/hosts/laravel/my/vendor/zohocrm/php-sdk/src/Oauth/Client/ZohoOAuthPersistenceHandler.php(73): Illuminate\Foundation\Bootstrap\HandleExceptions->handleError(8, 'Array to string...', '/var/www/hosts/...', 73, Array)
#1 /var/www/hosts/laravel/my/vendor/zohocrm/php-sdk/src/Oauth/Client/ZohoOAuthClient.php(100): Zoho\Oauth\Client\ZohoOAuthPersistenceHandler->getOAuthTokens('gweentedem@gmai...')
#2 /var/www/hosts/laravel/my/vendor/zohocrm/php-sdk/src/CRM/Setup/RestClient/ZCRMRestClient.php(83): Zoho\Oauth\Client\ZohoOAuthClient->getAccessToken('gweentedem@gmai...')
#3 /var/www/hosts/laravel/my/vendor/tripup/common/src/crm/Client.php(49): Zoho\CRM\Setup\RestClient\ZCRMRestClient->getAccessToken()
#4 /var/www/hosts/laravel/my/vendor/tripup/common/src/crm/Client.php(31): tripup\CRM\Client->__construct(NULL)
#5 /var/www/hosts/laravel/my/routes/web.php(22): tripup\CRM\Client::getInstance()
#6 /var/www/hosts/laravel/my/vendor/laravel/framework/src/Illuminate/Routing/Route.php(198): Illuminate\Routing\Router->{closure}()
#7 /var/www/hosts/laravel/my/vendor/laravel/framework/src/Illuminate/Routing/Route.php(172): Illuminate\Routing\Route->runCallable()
#8 /var/www/hosts/laravel/my/vendor/laravel/framework/src/Illuminate/Routing/Router.php(665): Illuminate\Routing\Route->run()
#9 /var/www/hosts/laravel/my/vendor/laravel/framework/src/Illuminate/Routing/Pipeline.php(30): Illuminate\Routing\Router->Illuminate\Routing\{closure}(Object(Illuminate\Http\Request))
#10 /var/www/hosts/laravel/my/vendor/laravel/framework/src/Illuminate/Routing/Middleware/SubstituteBindings.php(41): Illuminate\Routing\Pipeline->Illuminate\Routing\{closure}(Object(Illuminate\Http\Request))
#11 /var/www/hosts/laravel/my/vendor/laravel/framework/src/Illuminate/Pipeline/Pipeline.php(151): Illuminate\Routing\Middleware\SubstituteBindings->handle(Object(Illuminate\Http\Request), Object(Closure))
#12 /var/www/hosts/laravel/my/vendor/laravel/framework/src/Illuminate/Routing/Pipeline.php(53): Illuminate\Pipeline\Pipeline->Illuminate\Pipeline\{closure}(Object(Illuminate\Http\Request))
#13 /var/www/hosts/laravel/my/vendor/laravel/framework/src/Illuminate/Foundation/Http/Middleware/VerifyCsrfToken.php(67): Illuminate\Routing\Pipeline->Illuminate\Routing\{closure}(Object(Illuminate\Http\Request))
#14 /var/www/hosts/laravel/my/vendor/laravel/framework/src/Illuminate/Pipeline/Pipeline.php(151): Illuminate\Foundation\Http\Middleware\VerifyCsrfToken->handle(Object(Illuminate\Http\Request), Object(Closure))
#15 /var/www/hosts/laravel/my/vendor/laravel/framework/src/Illuminate/Routing/Pipeline.php(53): Illuminate\Pipeline\Pipeline->Illuminate\Pipeline\{closure}(Object(Illuminate\Http\Request))
#16 /var/www/hosts/laravel/my/vendor/laravel/framework/src/Illuminate/View/Middleware/ShareErrorsFromSession.php(49): Illuminate\Routing\Pipeline->Illuminate\Routing\{closure}(Object(Illuminate\Http\Request))
#17 /var/www/hosts/laravel/my/vendor/laravel/framework/src/Illuminate/Pipeline/Pipeline.php(151): Illuminate\View\Middleware\ShareErrorsFromSession->handle(Object(Illuminate\Http\Request), Object(Closure))
#18 /var/www/hosts/laravel/my/vendor/laravel/framework/src/Illuminate/Routing/Pipeline.php(53): Illuminate\Pipeline\Pipeline->Illuminate\Pipeline\{closure}(Object(Illuminate\Http\Request))
#19 /var/www/hosts/laravel/my/vendor/laravel/framework/src/Illuminate/Session/Middleware/StartSession.php(63): Illuminate\Routing\Pipeline->Illuminate\Routing\{closure}(Object(Illuminate\Http\Request))
#20 /var/www/hosts/laravel/my/vendor/laravel/framework/src/Illuminate/Pipeline/Pipeline.php(151): Illuminate\Session\Middleware\StartSession->handle(Object(Illuminate\Http\Request), Object(Closure))
#21 /var/www/hosts/laravel/my/vendor/laravel/framework/src/Illuminate/Routing/Pipeline.php(53): Illuminate\Pipeline\Pipeline->Illuminate\Pipeline\{closure}(Object(Illuminate\Http\Request))
#22 /var/www/hosts/laravel/my/vendor/laravel/framework/src/Illuminate/Cookie/Middleware/AddQueuedCookiesToResponse.php(37): Illuminate\Routing\Pipeline->Illuminate\Routing\{closure}(Object(Illuminate\Http\Request))
#23 /var/www/hosts/laravel/my/vendor/laravel/framework/src/Illuminate/Pipeline/Pipeline.php(151): Illuminate\Cookie\Middleware\AddQueuedCookiesToResponse->handle(Object(Illuminate\Http\Request), Object(Closure))
#24 /var/www/hosts/laravel/my/vendor/laravel/framework/src/Illuminate/Routing/Pipeline.php(53): Illuminate\Pipeline\Pipeline->Illuminate\Pipeline\{closure}(Object(Illuminate\Http\Request))
#25 /var/www/hosts/laravel/my/vendor/laravel/framework/src/Illuminate/Cookie/Middleware/EncryptCookies.php(59): Illuminate\Routing\Pipeline->Illuminate\Routing\{closure}(Object(Illuminate\Http\Request))
#26 /var/www/hosts/laravel/my/vendor/laravel/framework/src/Illuminate/Pipeline/Pipeline.php(151): Illuminate\Cookie\Middleware\EncryptCookies->handle(Object(Illuminate\Http\Request), Object(Closure))
#27 /var/www/hosts/laravel/my/vendor/laravel/framework/src/Illuminate/Routing/Pipeline.php(53): Illuminate\Pipeline\Pipeline->Illuminate\Pipeline\{closure}(Object(Illuminate\Http\Request))
#28 /var/www/hosts/laravel/my/vendor/laravel/framework/src/Illuminate/Pipeline/Pipeline.php(104): Illuminate\Routing\Pipeline->Illuminate\Routing\{closure}(Object(Illuminate\Http\Request))
#29 /var/www/hosts/laravel/my/vendor/laravel/framework/src/Illuminate/Routing/Router.php(667): Illuminate\Pipeline\Pipeline->then(Object(Closure))
#30 /var/www/hosts/laravel/my/vendor/laravel/framework/src/Illuminate/Routing/Router.php(642): Illuminate\Routing\Router->runRouteWithinStack(Object(Illuminate\Routing\Route), Object(Illuminate\Http\Request))
#31 /var/www/hosts/laravel/my/vendor/laravel/framework/src/Illuminate/Routing/Router.php(608): Illuminate\Routing\Router->runRoute(Object(Illuminate\Http\Request), Object(Illuminate\Routing\Route))
#32 /var/www/hosts/laravel/my/vendor/laravel/framework/src/Illuminate/Routing/Router.php(597): Illuminate\Routing\Router->dispatchToRoute(Object(Illuminate\Http\Request))
#33 /var/www/hosts/laravel/my/vendor/laravel/framework/src/Illuminate/Foundation/Http/Kernel.php(176): Illuminate\Routing\Router->dispatch(Object(Illuminate\Http\Request))
#34 /var/www/hosts/laravel/my/vendor/laravel/framework/src/Illuminate/Routing/Pipeline.php(30): Illuminate\Foundation\Http\Kernel->Illuminate\Foundation\Http\{closure}(Object(Illuminate\Http\Request))
#35 /var/www/hosts/laravel/my/vendor/fideloper/proxy/src/TrustProxies.php(57): Illuminate\Routing\Pipeline->Illuminate\Routing\{closure}(Object(Illuminate\Http\Request))
#36 /var/www/hosts/laravel/my/vendor/laravel/framework/src/Illuminate/Pipeline/Pipeline.php(151): Fideloper\Proxy\TrustProxies->handle(Object(Illuminate\Http\Request), Object(Closure))
#37 /var/www/hosts/laravel/my/vendor/laravel/framework/src/Illuminate/Routing/Pipeline.php(53): Illuminate\Pipeline\Pipeline->Illuminate\Pipeline\{closure}(Object(Illuminate\Http\Request))
#38 /var/www/hosts/laravel/my/vendor/laravel/framework/src/Illuminate/Foundation/Http/Middleware/TransformsRequest.php(31): Illuminate\Routing\Pipeline->Illuminate\Routing\{closure}(Object(Illuminate\Http\Request))
#39 /var/www/hosts/laravel/my/vendor/laravel/framework/src/Illuminate/Pipeline/Pipeline.php(151): Illuminate\Foundation\Http\Middleware\TransformsRequest->handle(Object(Illuminate\Http\Request), Object(Closure))
#40 /var/www/hosts/laravel/my/vendor/laravel/framework/src/Illuminate/Routing/Pipeline.php(53): Illuminate\Pipeline\Pipeline->Illuminate\Pipeline\{closure}(Object(Illuminate\Http\Request))
#41 /var/www/hosts/laravel/my/vendor/laravel/framework/src/Illuminate/Foundation/Http/Middleware/TransformsRequest.php(31): Illuminate\Routing\Pipeline->Illuminate\Routing\{closure}(Object(Illuminate\Http\Request))
#42 /var/www/hosts/laravel/my/vendor/laravel/framework/src/Illuminate/Pipeline/Pipeline.php(151): Illuminate\Foundation\Http\Middleware\TransformsRequest->handle(Object(Illuminate\Http\Request), Object(Closure))
#43 /var/www/hosts/laravel/my/vendor/laravel/framework/src/Illuminate/Routing/Pipeline.php(53): Illuminate\Pipeline\Pipeline->Illuminate\Pipeline\{closure}(Object(Illuminate\Http\Request))
#44 /var/www/hosts/laravel/my/vendor/laravel/framework/src/Illuminate/Foundation/Http/Middleware/ValidatePostSize.php(27): Illuminate\Routing\Pipeline->Illuminate\Routing\{closure}(Object(Illuminate\Http\Request))
#45 /var/www/hosts/laravel/my/vendor/laravel/framework/src/Illuminate/Pipeline/Pipeline.php(151): Illuminate\Foundation\Http\Middleware\ValidatePostSize->handle(Object(Illuminate\Http\Request), Object(Closure))
#46 /var/www/hosts/laravel/my/vendor/laravel/framework/src/Illuminate/Routing/Pipeline.php(53): Illuminate\Pipeline\Pipeline->Illuminate\Pipeline\{closure}(Object(Illuminate\Http\Request))
#47 /var/www/hosts/laravel/my/vendor/laravel/framework/src/Illuminate/Foundation/Http/Middleware/CheckForMaintenanceMode.php(62): Illuminate\Routing\Pipeline->Illuminate\Routing\{closure}(Object(Illuminate\Http\Request))
#48 /var/www/hosts/laravel/my/vendor/laravel/framework/src/Illuminate/Pipeline/Pipeline.php(151): Illuminate\Foundation\Http\Middleware\CheckForMaintenanceMode->handle(Object(Illuminate\Http\Request), Object(Closure))
#49 /var/www/hosts/laravel/my/vendor/laravel/framework/src/Illuminate/Routing/Pipeline.php(53): Illuminate\Pipeline\Pipeline->Illuminate\Pipeline\{closure}(Object(Illuminate\Http\Request))
#50 /var/www/hosts/laravel/my/vendor/laravel/framework/src/Illuminate/Pipeline/Pipeline.php(104): Illuminate\Routing\Pipeline->Illuminate\Routing\{closure}(Object(Illuminate\Http\Request))
#51 /var/www/hosts/laravel/my/vendor/laravel/framework/src/Illuminate/Foundation/Http/Kernel.php(151): Illuminate\Pipeline\Pipeline->then(Object(Closure))
#52 /var/www/hosts/laravel/my/vendor/laravel/framework/src/Illuminate/Foundation/Http/Kernel.php(116): Illuminate\Foundation\Http\Kernel->sendRequestThroughRouter(Object(Illuminate\Http\Request))
#53 /var/www/hosts/laravel/my/public/index.php(55): Illuminate\Foundation\Http\Kernel->handle(Object(Illuminate\Http\Request))
#54 {main}
2018-08-01 09:34:17 SEVERE: Failed to connect to MySQL: (1040) SQLSTATE[08004] [1040] Too many connections
2018-08-01 09:34:46 SEVERE: Failed to connect to MySQL: (1040) SQLSTATE[08004] [1040] Too many connections
2018-08-01 09:36:58 SEVERE: Failed to connect to MySQL: (1040) SQLSTATE[08004] [1040] Too many connections
2018-08-01 09:42:06 SEVERE: Failed to connect to MySQL: (1040) SQLSTATE[08004] [1040] Too many connections
2018-08-01 09:42:17 SEVERE: Failed to connect to MySQL: (1040) SQLSTATE[08004] [1040] Too many connections
